<?xml version="1.0" encoding="UTF-8" ?>
<testsuite 
errors="0" failures="0" hostname="FVFC61W2L414" name="connectors.Acc28ConnectorSpec" tests="3" time="0.375" timestamp="2023-05-30T11:13:49">
  <properties>
[...]
</properties>
  <testcase 
  name="retrieveGuaranteeTransactions should return a list of declarations on a successful response" classname="connectors.Acc28ConnectorSpec" time="0.146">
</testcase>
  <testcase 
  name="retrieveGuaranteeTransactions should return NoAssociatedData error response when responded with no associated data" classname="connectors.Acc28ConnectorSpec" time="0.115">
</testcase>
  <testcase 
  name="retrieveGuaranteeTransactions should return ExceededThreshold error response when responded with exceeded threshold" classname="connectors.Acc28ConnectorSpec" time="0.112">
</testcase>
  <system-out><![CDATA[]]></system-out>
  <system-err><![CDATA[]]></system-err>
</testsuite>
