<?xml version="1.0" encoding="UTF-8" ?>
<testsuite 
errors="0" failures="0" hostname="FVFC61W2L414" name="services.TPIClaimsServiceSpec" tests="27" time="4.51" timestamp="2023-05-30T11:13:32">
  <properties>
[...]
</properties>
  <testcase 
  name="TPIClaimsService when calling get Claims should successfully returns CDFPayCaseDetail with NDRC claim status Open and SCTY claim status Open" classname="services.TPIClaimsServiceSpec" time="0.191">
</testcase>
  <testcase 
  name="TPIClaimsService when calling get Claims should successfully returns CDFPayCaseDetail with NDRC claim status Open-Analysis and SCTY claim status Pending-Approval" classname="services.TPIClaimsServiceSpec" time="0.127">
</testcase>
  <testcase 
  name="TPIClaimsService when calling get Claims should successfully returns CDFPayCaseDetail with NDRC claim status Pending-Approval and SCTY claim status Pending-Payment" classname="services.TPIClaimsServiceSpec" time="0.129">
</testcase>
  <testcase 
  name="TPIClaimsService when calling get Claims should successfully returns CDFPayCaseDetail with NDRC claim status Pending-Queried and SCTY claim status Partial Refund" classname="services.TPIClaimsServiceSpec" time="0.191">
</testcase>
  <testcase 
  name="TPIClaimsService when calling get Claims should successfully returns CDFPayCaseDetail with NDRC claim status Resolved-Withdrawn and SCTY claim status Resolved-Refund" classname="services.TPIClaimsServiceSpec" time="0.142">
</testcase>
  <testcase 
  name="TPIClaimsService when calling get Claims should successfully returns CDFPayCaseDetail with NDRC claim status Rejected-Failed Validation and SCTY claim status Pending-Query" classname="services.TPIClaimsServiceSpec" time="0.128">
</testcase>
  <testcase 
  name="TPIClaimsService when calling get Claims should successfully returns CDFPayCaseDetail with NDRC claim status Resolved-Rejected and SCTY claim status Resolved-Manual BTA" classname="services.TPIClaimsServiceSpec" time="0.136">
</testcase>
  <testcase 
  name="TPIClaimsService when calling get Claims should successfully returns CDFPayCaseDetail with NDRC claim status Open-Rework and SCTY claim status Pending-C18" classname="services.TPIClaimsServiceSpec" time="0.141">
</testcase>
  <testcase 
  name="TPIClaimsService when calling get Claims should successfully returns CDFPayCaseDetail with NDRC claim status Paused and SCTY claim status Closed-C18 Raised" classname="services.TPIClaimsServiceSpec" time="0.123">
</testcase>
  <testcase 
  name="TPIClaimsService when calling get Claims should successfully returns CDFPayCaseDetail with NDRC claim status Resolved-No Reply and SCTY claim status RTBH Letter Initiated" classname="services.TPIClaimsServiceSpec" time="0.125">
</testcase>
  <testcase 
  name="TPIClaimsService when calling get Claims should successfully returns CDFPayCaseDetail with NDRC claim status Resolved-Refused and SCTY claim status Awaiting RTBH Letter Response" classname="services.TPIClaimsServiceSpec" time="0.135">
</testcase>
  <testcase 
  name="TPIClaimsService when calling get Claims should successfully returns CDFPayCaseDetail with NDRC claim status Pending Payment Confirmation and SCTY claim status Reminder Letter Initiated" classname="services.TPIClaimsServiceSpec" time="0.126">
</testcase>
  <testcase 
  name="TPIClaimsService when calling get Claims should successfully returns CDFPayCaseDetail with NDRC claim status Resolved-Approved and SCTY claim status Awaiting Reminder Letter Response" classname="services.TPIClaimsServiceSpec" time="0.137">
</testcase>
  <testcase 
  name="TPIClaimsService when calling get Claims should successfully returns CDFPayCaseDetail with NDRC claim status Resolved-Partial Refused and SCTY claim status Decision Letter Initiated" classname="services.TPIClaimsServiceSpec" time="0.137">
</testcase>
  <testcase 
  name="TPIClaimsService when calling get Claims should successfully returns CDFPayCaseDetail with NDRC claim status Pending Decision Letter and SCTY claim status Partial BTA" classname="services.TPIClaimsServiceSpec" time="1.156">
</testcase>
  <testcase 
  name="TPIClaimsService when calling get Claims should successfully returns CDFPayCaseDetail with NDRC claim status Approved and SCTY claim status Partial BTA/Refund" classname="services.TPIClaimsServiceSpec" time="0.112">
</testcase>
  <testcase 
  name="TPIClaimsService when calling get Claims should successfully returns CDFPayCaseDetail with NDRC claim status Analysis-Rework and SCTY claim status Resolved-Auto BTA" classname="services.TPIClaimsServiceSpec" time="0.111">
</testcase>
  <testcase 
  name="TPIClaimsService when calling get Claims should successfully returns CDFPayCaseDetail with NDRC claim status Rework-Payment Details and SCTY claim status Resolved-Manual BTA/Refund" classname="services.TPIClaimsServiceSpec" time="0.109">
</testcase>
  <testcase 
  name="TPIClaimsService when calling get Claims should successfully returns CDFPayCaseDetail with NDRC claim status Pending-RTBH and SCTY claim status Open-Extension Granted" classname="services.TPIClaimsServiceSpec" time="0.117">
</testcase>
  <testcase 
  name="TPIClaimsService when calling get Claims should successfully returns CDFPayCaseDetail with NDRC claim status RTBH Sent and SCTY claim status Resolved-Withdrawn" classname="services.TPIClaimsServiceSpec" time="0.098">
</testcase>
  <testcase 
  name="TPIClaimsService when calling get Claims should successfully returns CDFPayCaseDetail with NDRC claim status Reply To RTBH and SCTY claim status Pending-Approval" classname="services.TPIClaimsServiceSpec" time="0.11">
</testcase>
  <testcase 
  name="TPIClaimsService when calling get Claims should successfully returns CDFPayCaseDetail with NDRC claim status Pending-Compliance Recommendation and SCTY claim status Pending-Payment" classname="services.TPIClaimsServiceSpec" time="0.108">
</testcase>
  <testcase 
  name="TPIClaimsService when calling get Claims should successfully returns CDFPayCaseDetail with NDRC claim status Pending-Compliance Check Query and SCTY claim status Partial Refund" classname="services.TPIClaimsServiceSpec" time="0.119">
</testcase>
  <testcase 
  name="TPIClaimsService when calling get Claims should successfully returns CDFPayCaseDetail with NDRC claim status Pending-Compliance Check and SCTY claim status Resolved-Refund" classname="services.TPIClaimsServiceSpec" time="0.112">
</testcase>
  <testcase 
  name="TPIClaimsService when calling get Specific Claims should successfully returns NDRC CDFPayCase" classname="services.TPIClaimsServiceSpec" time="0.131">
</testcase>
  <testcase 
  name="TPIClaimsService when calling get Specific Claims should successfully returns SCTY CDFPayCase" classname="services.TPIClaimsServiceSpec" time="0.123">
</testcase>
  <testcase 
  name="TPIClaimsService when calling get Specific Claims should return None if no declarationId present" classname="services.TPIClaimsServiceSpec" time="0.117">
</testcase>
  <system-out><![CDATA[]]></system-out>
  <system-err><![CDATA[]]></system-err>
</testsuite>
